# JRE version: Java(TM) SE Runtime Environment (8.0_102-b14) (build 1.8.0_102-b14)
# Java VM: Java HotSpot(TM) 64-Bit Server VM (25.102-b14 mixed mode windows-amd64 compressed oops)
Heap:
 PSYoungGen      total 67072K, used 12921K [0x00000000d5580000, 0x00000000da180000, 0x0000000100000000)
  eden space 56320K, 22% used [0x00000000d5580000,0x00000000d621e6a0,0x00000000d8c80000)
  from space 10752K, 0% used [0x00000000d8c80000,0x00000000d8c80000,0x00000000d9700000)
  to   space 9728K, 0% used [0x00000000d9700000,0x00000000d9700000,0x00000000da080000)
 ParOldGen       total 82944K, used 14923K [0x0000000080000000, 0x0000000085100000, 0x00000000d5580000)
  object space 82944K, 17% used [0x0000000080000000,0x0000000080e92eb0,0x0000000085100000)
 Metaspace       used 34797K, capacity 35558K, committed 35800K, reserved 1083392K
  class space    used 4778K, capacity 5006K, committed 5120K, reserved 1048576K
GC Heap History (10 events):
Event: 28.387 GC heap before
{Heap before GC invocations=8 (full 2):
 PSYoungGen      total 47104K, used 44897K [0x00000000d5580000, 0x00000000d9000000, 0x0000000100000000)
  eden space 40448K, 100% used [0x00000000d5580000,0x00000000d7d00000,0x00000000d7d00000)
  from space 6656K, 66% used [0x00000000d7d80000,0x00000000d81d86b0,0x00000000d8400000)
  to   space 9728K, 0% used [0x00000000d8680000,0x00000000d8680000,0x00000000d9000000)
 ParOldGen       total 82944K, used 9639K [0x0000000080000000, 0x0000000085100000, 0x00000000d5580000)
  object space 82944K, 11% used [0x0000000080000000,0x0000000080969f68,0x0000000085100000)
 Metaspace       used 27267K, capacity 27812K, committed 27904K, reserved 1075200K
  class space    used 3877K, capacity 4042K, committed 4096K, reserved 1048576K
Event: 28.396 GC heap after
Heap after GC invocations=8 (full 2):
 PSYoungGen      total 49152K, used 7044K [0x00000000d5580000, 0x00000000d8f80000, 0x0000000100000000)
  eden space 39936K, 0% used [0x00000000d5580000,0x00000000d5580000,0x00000000d7c80000)
  from space 9216K, 76% used [0x00000000d8680000,0x00000000d8d610e8,0x00000000d8f80000)
  to   space 9728K, 0% used [0x00000000d7c80000,0x00000000d7c80000,0x00000000d8600000)
 ParOldGen       total 82944K, used 9647K [0x0000000080000000, 0x0000000085100000, 0x00000000d5580000)
  object space 82944K, 11% used [0x0000000080000000,0x000000008096bf68,0x0000000085100000)
 Metaspace       used 27267K, capacity 27812K, committed 27904K, reserved 1075200K
  class space    used 3877K, capacity 4042K, committed 4096K, reserved 1048576K
}
Event: 32.255 GC heap before
{Heap before GC invocations=9 (full 2):
 PSYoungGen      total 49152K, used 46980K [0x00000000d5580000, 0x00000000d8f80000, 0x0000000100000000)
  eden space 39936K, 100% used [0x00000000d5580000,0x00000000d7c80000,0x00000000d7c80000)
  from space 9216K, 76% used [0x00000000d8680000,0x00000000d8d610e8,0x00000000d8f80000)
  to   space 9728K, 0% used [0x00000000d7c80000,0x00000000d7c80000,0x00000000d8600000)
 ParOldGen       total 82944K, used 9647K [0x0000000080000000, 0x0000000085100000, 0x00000000d5580000)
  object space 82944K, 11% used [0x0000000080000000,0x000000008096bf68,0x0000000085100000)
 Metaspace       used 29796K, capacity 30368K, committed 30464K, reserved 1077248K
  class space    used 4162K, capacity 4338K, committed 4352K, reserved 1048576K
Event: 32.311 GC heap after
Heap after GC invocations=9 (full 2):
 PSYoungGen      total 49664K, used 6372K [0x00000000d5580000, 0x00000000da080000, 0x0000000100000000)
  eden space 39936K, 0% used [0x00000000d5580000,0x00000000d5580000,0x00000000d7c80000)
  from space 9728K, 65% used [0x00000000d7c80000,0x00000000d82b9040,0x00000000d8600000)
  to   space 9728K, 0% used [0x00000000d9700000,0x00000000d9700000,0x00000000da080000)
 ParOldGen       total 82944K, used 9647K [0x0000000080000000, 0x0000000085100000, 0x00000000d5580000)
  object space 82944K, 11% used [0x0000000080000000,0x000000008096bf68,0x0000000085100000)
 Metaspace       used 29796K, capacity 30368K, committed 30464K, reserved 1077248K
  class space    used 4162K, capacity 4338K, committed 4352K, reserved 1048576K
}
Event: 37.514 GC heap before
{Heap before GC invocations=10 (full 2):
 PSYoungGen      total 49664K, used 46308K [0x00000000d5580000, 0x00000000da080000, 0x0000000100000000)
  eden space 39936K, 100% used [0x00000000d5580000,0x00000000d7c80000,0x00000000d7c80000)
  from space 9728K, 65% used [0x00000000d7c80000,0x00000000d82b9040,0x00000000d8600000)
  to   space 9728K, 0% used [0x00000000d9700000,0x00000000d9700000,0x00000000da080000)
 ParOldGen       total 82944K, used 9647K [0x0000000080000000, 0x0000000085100000, 0x00000000d5580000)
  object space 82944K, 11% used [0x0000000080000000,0x000000008096bf68,0x0000000085100000)
 Metaspace       used 33031K, capacity 33740K, committed 34048K, reserved 1081344K
  class space    used 4554K, capacity 4761K, committed 4864K, reserved 1048576K
Event: 37.531 GC heap after
Heap after GC invocations=10 (full 2):
 PSYoungGen      total 66048K, used 9297K [0x00000000d5580000, 0x00000000da180000, 0x0000000100000000)
  eden space 56320K, 0% used [0x00000000d5580000,0x00000000d5580000,0x00000000d8c80000)
  from space 9728K, 95% used [0x00000000d9700000,0x00000000da014550,0x00000000da080000)
  to   space 10752K, 0% used [0x00000000d8c80000,0x00000000d8c80000,0x00000000d9700000)
 ParOldGen       total 82944K, used 9727K [0x0000000080000000, 0x0000000085100000, 0x00000000d5580000)
  object space 82944K, 11% used [0x0000000080000000,0x000000008097ff78,0x0000000085100000)
 Metaspace       used 33031K, capacity 33740K, committed 34048K, reserved 1081344K
  class space    used 4554K, capacity 4761K, committed 4864K, reserved 1048576K
}
Event: 39.868 GC heap before
{Heap before GC invocations=11 (full 2):
 PSYoungGen      total 66048K, used 24356K [0x00000000d5580000, 0x00000000da180000, 0x0000000100000000)
  eden space 56320K, 26% used [0x00000000d5580000,0x00000000d6434bd0,0x00000000d8c80000)
  from space 9728K, 95% used [0x00000000d9700000,0x00000000da014550,0x00000000da080000)
  to   space 10752K, 0% used [0x00000000d8c80000,0x00000000d8c80000,0x00000000d9700000)
 ParOldGen       total 82944K, used 9727K [0x0000000080000000, 0x0000000085100000, 0x00000000d5580000)
  object space 82944K, 11% used [0x0000000080000000,0x000000008097ff78,0x0000000085100000)
 Metaspace       used 34571K, capacity 35328K, committed 35416K, reserved 1083392K
  class space    used 4760K, capacity 4973K, committed 4992K, reserved 1048576K
Event: 39.890 GC heap after
Heap after GC invocations=11 (full 2):
 PSYoungGen      total 67072K, used 8543K [0x00000000d5580000, 0x00000000da180000, 0x0000000100000000)
  eden space 56320K, 0% used [0x00000000d5580000,0x00000000d5580000,0x00000000d8c80000)
  from space 10752K, 79% used [0x00000000d8c80000,0x00000000d94d7e80,0x00000000d9700000)
  to   space 9728K, 0% used [0x00000000d9700000,0x00000000d9700000,0x00000000da080000)
 ParOldGen       total 82944K, used 9735K [0x0000000080000000, 0x0000000085100000, 0x00000000d5580000)
  object space 82944K, 11% used [0x0000000080000000,0x0000000080981f78,0x0000000085100000)
 Metaspace       used 34571K, capacity 35328K, committed 35416K, reserved 1083392K
  class space    used 4760K, capacity 4973K, committed 4992K, reserved 1048576K
}
Event: 39.890 GC heap before
{Heap before GC invocations=12 (full 3):
 PSYoungGen      total 67072K, used 8543K [0x00000000d5580000, 0x00000000da180000, 0x0000000100000000)
  eden space 56320K, 0% used [0x00000000d5580000,0x00000000d5580000,0x00000000d8c80000)
  from space 10752K, 79% used [0x00000000d8c80000,0x00000000d94d7e80,0x00000000d9700000)
  to   space 9728K, 0% used [0x00000000d9700000,0x00000000d9700000,0x00000000da080000)
 ParOldGen       total 82944K, used 9735K [0x0000000080000000, 0x0000000085100000, 0x00000000d5580000)
  object space 82944K, 11% used [0x0000000080000000,0x0000000080981f78,0x0000000085100000)
 Metaspace       used 34571K, capacity 35328K, committed 35416K, reserved 1083392K
  class space    used 4760K, capacity 4973K, committed 4992K, reserved 1048576K
Event: 39.990 GC heap after
Heap after GC invocations=12 (full 3):
 PSYoungGen      total 67072K, used 0K [0x00000000d5580000, 0x00000000da180000, 0x0000000100000000)
  eden space 56320K, 0% used [0x00000000d5580000,0x00000000d5580000,0x00000000d8c80000)
  from space 10752K, 0% used [0x00000000d8c80000,0x00000000d8c80000,0x00000000d9700000)
  to   space 9728K, 0% used [0x00000000d9700000,0x00000000d9700000,0x00000000da080000)
 ParOldGen       total 82944K, used 14923K [0x0000000080000000, 0x0000000085100000, 0x00000000d5580000)
  object space 82944K, 17% used [0x0000000080000000,0x0000000080e92eb0,0x0000000085100000)
 Metaspace       used 34571K, capacity 35328K, committed 35416K, reserved 1083392K
  class space    used 4760K, capacity 4973K, committed 4992K, reserved 1048576K
}

