# JRE version: Java(TM) SE Runtime Environment (8.0_102-b14) (build 1.8.0_102-b14)
# Java VM: Java HotSpot(TM) 64-Bit Server VM (25.102-b14 mixed mode windows-amd64 compressed oops)
Heap:
 PSYoungGen      total 47616K, used 758K [0x00000000d5580000, 0x00000000d8a80000, 0x0000000100000000)
  eden space 40960K, 1% used [0x00000000d5580000,0x00000000d563daf0,0x00000000d7d80000)
  from space 6656K, 0% used [0x00000000d7d80000,0x00000000d7d80000,0x00000000d8400000)
  to   space 6656K, 0% used [0x00000000d8400000,0x00000000d8400000,0x00000000d8a80000)
 ParOldGen       total 46592K, used 5086K [0x0000000080000000, 0x0000000082d80000, 0x00000000d5580000)
  object space 46592K, 10% used [0x0000000080000000,0x00000000804f7a00,0x0000000082d80000)
 Metaspace       used 15340K, capacity 15718K, committed 15872K, reserved 1064960K
  class space    used 2158K, capacity 2286K, committed 2304K, reserved 1048576K
GC Heap History (4 events):
Event: 9.502 GC heap before
{Heap before GC invocations=1 (full 0):
 PSYoungGen      total 47616K, used 40960K [0x00000000d5580000, 0x00000000d8a80000, 0x0000000100000000)
  eden space 40960K, 100% used [0x00000000d5580000,0x00000000d7d80000,0x00000000d7d80000)
  from space 6656K, 0% used [0x00000000d8400000,0x00000000d8400000,0x00000000d8a80000)
  to   space 6656K, 0% used [0x00000000d7d80000,0x00000000d7d80000,0x00000000d8400000)
 ParOldGen       total 109568K, used 0K [0x0000000080000000, 0x0000000086b00000, 0x00000000d5580000)
  object space 109568K, 0% used [0x0000000080000000,0x0000000080000000,0x0000000086b00000)
 Metaspace       used 6959K, capacity 7104K, committed 7168K, reserved 1056768K
  class space    used 888K, capacity 960K, committed 1024K, reserved 1048576K
Event: 9.510 GC heap after
Heap after GC invocations=1 (full 0):
 PSYoungGen      total 47616K, used 4911K [0x00000000d5580000, 0x00000000d8a80000, 0x0000000100000000)
  eden space 40960K, 0% used [0x00000000d5580000,0x00000000d5580000,0x00000000d7d80000)
  from space 6656K, 73% used [0x00000000d7d80000,0x00000000d824be78,0x00000000d8400000)
  to   space 6656K, 0% used [0x00000000d8400000,0x00000000d8400000,0x00000000d8a80000)
 ParOldGen       total 109568K, used 8K [0x0000000080000000, 0x0000000086b00000, 0x00000000d5580000)
  object space 109568K, 0% used [0x0000000080000000,0x0000000080002000,0x0000000086b00000)
 Metaspace       used 6959K, capacity 7104K, committed 7168K, reserved 1056768K
  class space    used 888K, capacity 960K, committed 1024K, reserved 1048576K
}
Event: 21.609 GC heap before
{Heap before GC invocations=2 (full 0):
 PSYoungGen      total 47616K, used 45871K [0x00000000d5580000, 0x00000000d8a80000, 0x0000000100000000)
  eden space 40960K, 100% used [0x00000000d5580000,0x00000000d7d80000,0x00000000d7d80000)
  from space 6656K, 73% used [0x00000000d7d80000,0x00000000d824be78,0x00000000d8400000)
  to   space 6656K, 0% used [0x00000000d8400000,0x00000000d8400000,0x00000000d8a80000)
 ParOldGen       total 109568K, used 8K [0x0000000080000000, 0x0000000086b00000, 0x00000000d5580000)
  object space 109568K, 0% used [0x0000000080000000,0x0000000080002000,0x0000000086b00000)
 Metaspace       used 14248K, capacity 14534K, committed 14720K, reserved 1062912K
  class space    used 1988K, capacity 2126K, committed 2176K, reserved 1048576K
Event: 21.618 GC heap after
Heap after GC invocations=2 (full 0):
 PSYoungGen      total 47616K, used 6650K [0x00000000d5580000, 0x00000000d8a80000, 0x0000000100000000)
  eden space 40960K, 0% used [0x00000000d5580000,0x00000000d5580000,0x00000000d7d80000)
  from space 6656K, 99% used [0x00000000d8400000,0x00000000d8a7eaf8,0x00000000d8a80000)
  to   space 6656K, 0% used [0x00000000d7d80000,0x00000000d7d80000,0x00000000d8400000)
 ParOldGen       total 109568K, used 374K [0x0000000080000000, 0x0000000086b00000, 0x00000000d5580000)
  object space 109568K, 0% used [0x0000000080000000,0x000000008005d828,0x0000000086b00000)
 Metaspace       used 14248K, capacity 14534K, committed 14720K, reserved 1062912K
  class space    used 1988K, capacity 2126K, committed 2176K, reserved 1048576K
}

